<?xml version="1.0" encoding="UTF-8" ?>
<testsuite tests="8" failures="0" name="Tests" time="0.092" errors="0" skipped="0">
  <properties>
[...]
</properties>
  <testcase classname="Tests" name="testImagesRoot" time="0.032"/>
  <testcase classname="Tests" name="testEtagUnchangedFile" time="0.018"/>
  <testcase classname="Tests" name="testPng" time="0.005"/>
  <testcase classname="Tests" name="testRoot" time="0.002"/>
  <testcase classname="Tests" name="testRootSlash" time="0.002"/>
  <testcase classname="Tests" name="testIndexHtml" time="0.002"/>
  <testcase classname="Tests" name="testEtagChangedFile" time="0.023"/>
  <testcase classname="Tests" name="testRussian" time="0.008"/>
</testsuite>